<?xml version="1.0" encoding="utf-8"?><testsuites name="pytest tests"><testsuite name="pytest" errors="0" failures="0" skipped="0" tests="4" time="0.458" timestamp="2026-03-08T13:40:52.922418+00:00" hostname="agent-env-f6ec2574-a274-45bf-9c3b-7e1ad1dc7215"><testcase classname="backend.tests.test_inquiries_api.TestInquiriesAPI" name="test_post_inquiry_creates_record" time="0.180" /><testcase classname="backend.tests.test_inquiries_api.TestInquiriesAPI" name="test_get_inquiries_returns_created_record" time="0.114" /><testcase classname="backend.tests.test_inquiries_api.TestInquiriesAPI" name="test_post_inquiry_missing_required_fields_returns_422" time="0.053" /><testcase classname="backend.tests.test_inquiries_api.TestInquiriesAPI" name="test_get_inquiries_response_shape" time="0.054" /></testsuite></testsuites>