<?xml version="1.0" encoding="utf-8"?><testsuites name="pytest tests"><testsuite name="pytest" errors="0" failures="0" skipped="0" tests="4" time="0.466" timestamp="2026-03-08T13:42:23.792968+00:00" hostname="agent-env-f6ec2574-a274-45bf-9c3b-7e1ad1dc7215"><testcase classname="backend.tests.test_inquiries_api.TestInquiriesAPI" name="test_post_inquiry_creates_record" time="0.202" /><testcase classname="backend.tests.test_inquiries_api.TestInquiriesAPI" name="test_get_inquiries_returns_created_record" time="0.102" /><testcase classname="backend.tests.test_inquiries_api.TestInquiriesAPI" name="test_post_inquiry_missing_required_fields_returns_422" time="0.062" /><testcase classname="backend.tests.test_inquiries_api.TestInquiriesAPI" name="test_get_inquiries_response_shape" time="0.052" /></testsuite></testsuites>